<?xml version="1.0" encoding="UTF-8"?>
<!-- Generated by org.testng.reporters.JUnitReportReporter -->
<testsuite skipped="0" hostname="TIGER" name="Test.Ae1_Demo" tests="1" failures="0" timestamp="31 Jul 2020 09:44:23 GMT" time="0.016" errors="0">
  <testcase name="testA" time="0.016" classname="Test.Ae1_Demo"/>
</testsuite> <!-- Test.Ae1_Demo -->
