<?xml version="1.0" encoding="UTF-8"?>
<!-- Generated by org.testng.reporters.JUnitReportReporter -->
<testsuite skipped="0" hostname="TIGER" name="Test.ScreenShotUsingRobotClass" tests="1" failures="0" timestamp="27 Jul 2020 09:08:29 GMT" time="135.026" errors="0">
  <testcase name="testA" time="135.026" classname="Test.ScreenShotUsingRobotClass"/>
</testsuite> <!-- Test.ScreenShotUsingRobotClass -->
