<?xml version="1.0" encoding="UTF-8"?>
<!-- Generated by org.testng.reporters.JUnitReportReporter -->
<testsuite skipped="0" hostname="TIGER" name="Tables.CountNoOfColumns" tests="1" failures="0" timestamp="28 Jul 2020 08:11:41 GMT" time="9.023" errors="0">
  <testcase name="testA" time="9.023" classname="Tables.CountNoOfColumns"/>
</testsuite> <!-- Tables.CountNoOfColumns -->
