<?xml version="1.0" encoding="UTF-8"?>
<!-- Generated by org.testng.reporters.JUnitReportReporter -->
<testsuite skipped="0" hostname="TIGER" name="handling_Tables.PrintOnlyNumbers" tests="1" failures="0" timestamp="29 Jul 2020 05:51:07 GMT" time="7.673" errors="0">
  <testcase name="testA" time="7.673" classname="handling_Tables.PrintOnlyNumbers"/>
</testsuite> <!-- handling_Tables.PrintOnlyNumbers -->
