<?xml version="1.0" encoding="UTF-8"?>
<!-- Generated by org.testng.reporters.JUnitReportReporter -->
<testsuite skipped="0" hostname="TIGER" name="Test.Practice3" tests="1" failures="0" timestamp="23 Jul 2020 12:07:19 GMT" time="9.106" errors="0">
  <testcase name="testA" time="9.106" classname="Test.Practice3"/>
</testsuite> <!-- Test.Practice3 -->
