<?xml version="1.0" encoding="UTF-8"?>
<!-- Generated by org.testng.reporters.JUnitReportReporter -->
<testsuite skipped="0" hostname="TIGER" name="Database.MySqlDemo" tests="1" failures="0" timestamp="26 Oct 2020 03:20:32 GMT" time="22.285" errors="0">
  <testcase name="testA" time="22.285" classname="Database.MySqlDemo"/>
</testsuite> <!-- Database.MySqlDemo -->
