<?xml version="1.0" encoding="UTF-8"?>
<!-- Generated by org.testng.reporters.JUnitReportReporter -->
<testsuite skipped="0" hostname="TIGER" name="handling_Tables.CountNoOfColumns" tests="1" failures="0" timestamp="07 Aug 2020 07:20:33 GMT" time="7.702" errors="0">
  <testcase name="testA" time="7.702" classname="handling_Tables.CountNoOfColumns"/>
</testsuite> <!-- handling_Tables.CountNoOfColumns -->
