<?xml version="1.0" encoding="UTF-8"?>
<!-- Generated by org.testng.reporters.JUnitReportReporter -->
<testsuite skipped="0" hostname="TIGER" name="Test.SVGTagPractice1" tests="1" failures="0" timestamp="27 Jul 2020 09:20:44 GMT" time="9.641" errors="0">
  <testcase name="testA" time="9.641" classname="Test.SVGTagPractice1"/>
</testsuite> <!-- Test.SVGTagPractice1 -->
