<?xml version="1.0" encoding="UTF-8"?>
<!-- Generated by org.testng.reporters.JUnitReportReporter -->
<testsuite skipped="0" hostname="TIGER" name="Test.Demo" tests="1" failures="0" timestamp="24 Oct 2020 07:19:50 GMT" time="0.051" errors="0">
  <testcase name="testA" time="0.051" classname="Test.Demo"/>
</testsuite> <!-- Test.Demo -->
