<?xml version="1.0" encoding="UTF-8"?>
<!-- Generated by org.testng.reporters.JUnitReportReporter -->
<testsuite skipped="0" hostname="TIGER" name="Tables.CountTables" tests="1" failures="0" timestamp="28 Jul 2020 05:45:41 GMT" time="9.024" errors="0">
  <testcase name="testA" time="9.024" classname="Tables.CountTables"/>
</testsuite> <!-- Tables.CountTables -->
