<?xml version="1.0" encoding="UTF-8"?>
<!-- Generated by org.testng.reporters.JUnitReportReporter -->
<testsuite skipped="0" hostname="TIGER" name="Test.ActiTimeCreateChart" tests="1" failures="0" timestamp="31 Jul 2020 05:17:34 GMT" time="73.474" errors="0">
  <testcase name="actiTimeCreateChart" time="73.474" classname="Test.ActiTimeCreateChart"/>
</testsuite> <!-- Test.ActiTimeCreateChart -->
