<?xml version="1.0" encoding="UTF-8"?>
<!-- Generated by org.testng.reporters.JUnitReportReporter -->
<testsuite skipped="0" hostname="TIGER" name="Test.ActiTimeCreateChart" tests="1" failures="0" timestamp="12 Aug 2020 09:54:48 GMT" time="180.953" errors="0">
  <testcase name="actiTimeCreateChart" time="180.953" classname="Test.ActiTimeCreateChart"/>
</testsuite> <!-- Test.ActiTimeCreateChart -->
