<?xml version="1.0" encoding="UTF-8"?>
<!-- Generated by org.testng.reporters.JUnitReportReporter -->
<testsuite skipped="0" hostname="TIGER" name="handling_Tables.PrintOnlyNumbers" tests="1" failures="0" timestamp="07 Aug 2020 07:20:33 GMT" time="8.112" errors="0">
  <testcase name="testA" time="8.112" classname="handling_Tables.PrintOnlyNumbers"/>
</testsuite> <!-- handling_Tables.PrintOnlyNumbers -->
