<?xml version="1.0" encoding="UTF-8"?>
<!-- Generated by org.testng.reporters.JUnitReportReporter -->
<testsuite skipped="0" hostname="TIGER" name="handling_Tables.PrintOnlyText" tests="1" failures="0" timestamp="29 Jul 2020 05:51:07 GMT" time="11.220" errors="0">
  <testcase name="testA" time="11.220" classname="handling_Tables.PrintOnlyText"/>
</testsuite> <!-- handling_Tables.PrintOnlyText -->
