<?xml version="1.0" encoding="UTF-8"?>
<!-- Generated by org.testng.reporters.JUnitReportReporter -->
<testsuite skipped="0" hostname="TIGER" name="Test.TestA" tests="1" failures="0" timestamp="23 Jul 2020 04:37:42 GMT" time="0.025" errors="0">
  <testcase name="testDemo" time="0.025" classname="Test.TestA"/>
</testsuite> <!-- Test.TestA -->
