<?xml version="1.0" encoding="UTF-8"?>
<!-- Generated by org.testng.reporters.JUnitReportReporter -->
<testsuite skipped="0" hostname="TIGER" name="Test.SVGTagPractice2" tests="1" failures="0" timestamp="27 Jul 2020 09:20:15 GMT" time="9.355" errors="0">
  <testcase name="testA" time="9.355" classname="Test.SVGTagPractice2"/>
</testsuite> <!-- Test.SVGTagPractice2 -->
