<?xml version="1.0" encoding="UTF-8"?>
<!-- Generated by org.testng.reporters.JUnitReportReporter -->
<testsuite skipped="0" hostname="TIGER" name="Test.Practice2" tests="1" failures="0" timestamp="23 Jul 2020 12:22:05 GMT" time="9.452" errors="0">
  <testcase name="testA" time="9.452" classname="Test.Practice2"/>
</testsuite> <!-- Test.Practice2 -->
