<?xml version="1.0" encoding="UTF-8"?>
<!-- Generated by org.testng.reporters.JUnitReportReporter -->
<testsuite skipped="0" hostname="TIGER" name="Tables.PrintOnlyText" tests="1" failures="0" timestamp="28 Jul 2020 08:26:56 GMT" time="9.751" errors="0">
  <testcase name="testA" time="9.751" classname="Tables.PrintOnlyText"/>
</testsuite> <!-- Tables.PrintOnlyText -->
