<?xml version="1.0" encoding="UTF-8"?>
<!-- Generated by org.testng.reporters.JUnitReportReporter -->
<testsuite skipped="0" hostname="TIGER" name="handling_Tables.CountTables" tests="1" failures="0" timestamp="07 Aug 2020 07:20:33 GMT" time="11.963" errors="0">
  <testcase name="testA" time="11.963" classname="handling_Tables.CountTables"/>
</testsuite> <!-- handling_Tables.CountTables -->
