<?xml version="1.0" encoding="UTF-8"?>
<!-- Generated by org.testng.reporters.JUnitReportReporter -->
<testsuite skipped="0" hostname="TIGER" name="handling_Tables.CountNoOfCells" tests="1" failures="0" timestamp="29 Jul 2020 05:51:07 GMT" time="16.437" errors="0">
  <testcase name="testA" time="16.437" classname="handling_Tables.CountNoOfCells"/>
</testsuite> <!-- handling_Tables.CountNoOfCells -->
