<?xml version="1.0" encoding="UTF-8"?>
<!-- Generated by org.testng.reporters.JUnitReportReporter -->
<testsuite skipped="0" hostname="TIGER" name="Tables.Assignments_Tables" tests="1" failures="0" timestamp="28 Jul 2020 10:06:02 GMT" time="9.299" errors="0">
  <testcase name="testA" time="9.299" classname="Tables.Assignments_Tables"/>
</testsuite> <!-- Tables.Assignments_Tables -->
