<?xml version="1.0" encoding="UTF-8"?>
<!-- Generated by org.testng.reporters.JUnitReportReporter -->
<testsuite skipped="0" hostname="TIGER" name="Tables.PrintOnlyNumbers" tests="1" failures="0" timestamp="28 Jul 2020 08:21:25 GMT" time="8.905" errors="0">
  <testcase name="testA" time="8.905" classname="Tables.PrintOnlyNumbers"/>
</testsuite> <!-- Tables.PrintOnlyNumbers -->
