<?xml version="1.0" encoding="UTF-8"?>
<!-- Generated by org.testng.reporters.JUnitReportReporter -->
<testsuite skipped="0" hostname="TIGER" name="Test.FileUploadToActiTime" tests="1" failures="0" timestamp="23 Jul 2020 05:00:12 GMT" time="41.368" errors="0">
  <testcase name="testA" time="41.368" classname="Test.FileUploadToActiTime"/>
</testsuite> <!-- Test.FileUploadToActiTime -->
