<?xml version="1.0" encoding="UTF-8"?>
<!-- Generated by org.testng.reporters.JUnitReportReporter -->
<testsuite skipped="0" hostname="TIGER" name="handling_Tables.PrintContentOfAllTables" tests="1" failures="0" timestamp="07 Aug 2020 07:20:33 GMT" time="8.065" errors="0">
  <testcase name="testA" time="8.065" classname="handling_Tables.PrintContentOfAllTables"/>
</testsuite> <!-- handling_Tables.PrintContentOfAllTables -->
