<?xml version="1.0" encoding="UTF-8"?>
<!-- Generated by org.testng.reporters.JUnitReportReporter -->
<testsuite skipped="0" hostname="TIGER" name="Tables.PrintOnlyNumbersPresent" tests="1" failures="0" timestamp="28 Jul 2020 08:18:29 GMT" time="9.831" errors="0">
  <testcase name="testA" time="9.831" classname="Tables.PrintOnlyNumbersPresent"/>
</testsuite> <!-- Tables.PrintOnlyNumbersPresent -->
