<?xml version="1.0" encoding="UTF-8"?>
<!-- Generated by org.testng.reporters.JUnitReportReporter -->
<testsuite skipped="0" hostname="TIGER" name="Test.Practice1" tests="1" failures="0" timestamp="23 Jul 2020 11:11:34 GMT" time="36.534" errors="0">
  <testcase name="testA" time="36.534" classname="Test.Practice1"/>
</testsuite> <!-- Test.Practice1 -->
