<?xml version="1.0" encoding="UTF-8"?>
<!-- Generated by org.testng.reporters.JUnitReportReporter -->
<testsuite skipped="0" hostname="TIGER" name="ExtentDemo.DemoC" tests="1" failures="0" timestamp="13 Aug 2020 11:34:09 GMT" time="0.022" errors="0">
  <testcase name="test" time="0.022" classname="ExtentDemo.DemoC"/>
</testsuite> <!-- ExtentDemo.DemoC -->
