<?xml version="1.0" encoding="UTF-8"?>
<!-- Generated by org.testng.reporters.JUnitReportReporter -->
<testsuite skipped="0" hostname="TIGER" name="Test.DemoA" tests="1" failures="0" timestamp="23 Jul 2020 04:52:56 GMT" time="16.423" errors="0">
  <testcase name="testDemo" time="16.423" classname="Test.DemoA"/>
</testsuite> <!-- Test.DemoA -->
