<?xml version="1.0" encoding="UTF-8"?>
<!-- Generated by org.testng.reporters.JUnitReportReporter -->
<testsuite skipped="0" hostname="TIGER" name="Tables.DispalyContentOfAllTables" tests="1" failures="0" timestamp="28 Jul 2020 08:16:23 GMT" time="9.051" errors="0">
  <testcase name="testA" time="9.051" classname="Tables.DispalyContentOfAllTables"/>
</testsuite> <!-- Tables.DispalyContentOfAllTables -->
