<?xml version="1.0" encoding="UTF-8"?>
<!-- Generated by org.testng.reporters.JUnitReportReporter -->
<testsuite skipped="0" hostname="TIGER" name="ServicesRTO.RTOServices" tests="1" failures="0" timestamp="13 Aug 2020 03:56:09 GMT" time="62.003" errors="0">
  <testcase name="actiTimeCreateChart" time="62.003" classname="ServicesRTO.RTOServices"/>
</testsuite> <!-- ServicesRTO.RTOServices -->
