<?xml version="1.0" encoding="UTF-8"?>
<!-- Generated by org.testng.reporters.JUnitReportReporter -->
<testsuite skipped="0" hostname="TIGER" name="Database.PdfDemo" tests="1" failures="0" timestamp="12 Aug 2020 11:51:06 GMT" time="1.754" errors="0">
  <testcase name="testA" time="1.754" classname="Database.PdfDemo"/>
</testsuite> <!-- Database.PdfDemo -->
